<?xml version="1.0" encoding="UTF-8"?>
<!-- Generated by org.testng.reporters.JUnitReportReporter -->
<testsuite hostname="DESKTOP-NPJHE6B" name="com.mvm.qa.testcases.LauncUrl" tests="1" failures="0" timestamp="1 Feb 2021 04:57:07 GMT" time="19.234" errors="0">
  <testcase name="setup" time="19.234" classname="com.mvm.qa.testcases.LauncUrl"/>
</testsuite> <!-- com.mvm.qa.testcases.LauncUrl -->
