<?xml version="1.0" encoding="UTF-8"?>
<!-- Generated by org.testng.reporters.JUnitReportReporter -->
<testsuite hostname="DESKTOP-NPJHE6B" name="com.mvm.qa.testcases.ClickOnSign" tests="2" failures="0" timestamp="2 Feb 2021 19:21:38 GMT" time="4.327" errors="0">
  <testcase name="loginInAccount" time="1.580" classname="com.mvm.qa.testcases.ClickOnSign"/>
  <testcase name="clickOnSignButton" time="2.747" classname="com.mvm.qa.testcases.ClickOnSign"/>
</testsuite> <!-- com.mvm.qa.testcases.ClickOnSign -->
